<?xml version="1.0" encoding="UTF-8"?>
<!-- Generated by org.testng.reporters.JUnitXMLReporter -->
<testsuite hostname="WGC1WC57QFXF2" name="TestNgMavenTest" tests="4" failures="0" timestamp="5 Dec 2017 16:54:11 GMT" time="8.462" errors="0">
  <testcase name="exampleOfTestNgMaven" time="0.005" classname="com.javacodegeeks.testng.maven.testNgMaven.App"/>
  <testcase name="testGooglePageTitleInIEBrowser" time="1.353" classname="com.javacodegeeks.testng.maven.testNgMaven.Version$TestChromeBrowser"/>
  <testcase name="exampleOfTestNgMaven" time="0.001" classname="com.javacodegeeks.testng.maven.testNgMaven.Sr"/>
  <testcase name="searchTestNGInGoogle" time="3.194" classname="com.javacodegeeks.testng.maven.testNgMaven.Chrome"/>
</testsuite> <!-- TestNgMavenTest -->
