<?xml version="1.0" encoding="UTF-8"?>
<testng-results skipped="0" failed="0" total="0" passed="0">
  <reporter-output>
  </reporter-output>
  <suite name="com.javacodegeeks.testng.maven.testNgMaven.AppTest" duration-ms="4" started-at="2017-12-05T16:44:24Z" finished-at="2017-12-05T16:44:24Z">
    <groups>
    </groups>
    <test name="Command line test" duration-ms="4" started-at="2017-12-05T16:44:24Z" finished-at="2017-12-05T16:44:24Z">
    </test> <!-- Command line test -->
  </suite> <!-- com.javacodegeeks.testng.maven.testNgMaven.AppTest -->
</testng-results>
